<?xml version="1.0" encoding="UTF-8"?>
<testng-results skipped="0" failed="3" ignored="0" total="11" passed="8">
  <reporter-output>
    <line>
      <![CDATA[Proceed to API Authentication using basicAuth: ]]>
    </line>
    <line>
      <![CDATA[Proceed to API Authentication using basicAuth: ]]>
    </line>
    <line>
      <![CDATA[Proceed to API Authentication using basicAuth: ]]>
    </line>
    <line>
      <![CDATA[Proceed to API Authentication using basicAuth: ]]>
    </line>
    <line>
      <![CDATA[Proceed to API Authentication using basicAuth: ]]>
    </line>
    <line>
      <![CDATA[Proceed to API Authentication using basicAuth: ]]>
    </line>
    <line>
      <![CDATA[Proceed to API Authentication using basicAuth: ]]>
    </line>
    <line>
      <![CDATA[Proceed to API Authentication using basicAuth: ]]>
    </line>
    <line>
      <![CDATA[Proceed to API Authentication using basicAuth: ]]>
    </line>
    <line>
      <![CDATA[Proceed to API Authentication using basicAuth: ]]>
    </line>
  </reporter-output>
  <suite name="Employee Management" duration-ms="14238" started-at="2020-07-07T09:52:55Z" finished-at="2020-07-07T09:53:09Z">
    <groups>
    </groups>
    <test name="Employee Management" duration-ms="14238" started-at="2020-07-07T09:52:55Z" finished-at="2020-07-07T09:53:09Z">
      <class name="com.dummy.milestone_1.TC_CRUD">
        <test-method status="PASS" signature="beforeClass()[pri:0, instance:com.dummy.milestone_1.TC_CRUD@4f7d0008]" name="beforeClass" is-config="true" duration-ms="0" started-at="2020-07-07T09:52:55Z" finished-at="2020-07-07T09:52:55Z">
          <reporter-output>
          </reporter-output>
        </test-method> <!-- beforeClass -->
        <test-method status="PASS" signature="beforeMethod()[pri:0, instance:com.dummy.milestone_1.TC_CRUD@4f7d0008]" name="beforeMethod" is-config="true" duration-ms="438" started-at="2020-07-07T09:52:55Z" finished-at="2020-07-07T09:52:55Z">
          <reporter-output>
            <line>
              <![CDATA[Proceed to API Authentication using basicAuth: ]]>
            </line>
          </reporter-output>
        </test-method> <!-- beforeMethod -->
        <test-method status="PASS" signature="getEmployee()[pri:0, instance:com.dummy.milestone_1.TC_CRUD@4f7d0008]" name="getEmployee" duration-ms="2355" started-at="2020-07-07T09:52:55Z" finished-at="2020-07-07T09:52:57Z">
          <reporter-output>
          </reporter-output>
        </test-method> <!-- getEmployee -->
        <test-method status="FAIL" signature="getsingleEmployee()[pri:0, instance:com.dummy.milestone_1.TC_CRUD@4f7d0008]" name="getsingleEmployee" duration-ms="1000" started-at="2020-07-07T09:52:57Z" finished-at="2020-07-07T09:52:58Z">
          <exception class="java.lang.AssertionError">
            <message>
              <![CDATA[expected [200] but found [400]]]>
            </message>
            <full-stacktrace>
              <![CDATA[java.lang.AssertionError: expected [200] but found [400]
at org.testng.Assert.fail(Assert.java:96)
at org.testng.Assert.failNotEquals(Assert.java:776)
at org.testng.Assert.assertEqualsImpl(Assert.java:137)
at org.testng.Assert.assertEquals(Assert.java:118)
at org.testng.Assert.assertEquals(Assert.java:652)
at org.testng.Assert.assertEquals(Assert.java:662)
at com.dummy.milestone_1.TC_CRUD.getsingleEmployee(TC_CRUD.java:98)
at sun.reflect.NativeMethodAccessorImpl.invoke0(Native Method)
at sun.reflect.NativeMethodAccessorImpl.invoke(NativeMethodAccessorImpl.java:62)
at sun.reflect.DelegatingMethodAccessorImpl.invoke(DelegatingMethodAccessorImpl.java:43)
at java.lang.reflect.Method.invoke(Method.java:498)
at org.testng.internal.MethodInvocationHelper.invokeMethod(MethodInvocationHelper.java:124)
at org.testng.internal.Invoker.invokeMethod(Invoker.java:583)
at org.testng.internal.Invoker.invokeTestMethod(Invoker.java:719)
at org.testng.internal.Invoker.invokeTestMethods(Invoker.java:989)
at org.testng.internal.TestMethodWorker.invokeTestMethods(TestMethodWorker.java:125)
at org.testng.internal.TestMethodWorker.run(TestMethodWorker.java:109)
at org.testng.TestRunner.privateRun(TestRunner.java:648)
at org.testng.TestRunner.run(TestRunner.java:505)
at org.testng.SuiteRunner.runTest(SuiteRunner.java:455)
at org.testng.SuiteRunner.runSequentially(SuiteRunner.java:450)
at org.testng.SuiteRunner.privateRun(SuiteRunner.java:415)
at org.testng.SuiteRunner.run(SuiteRunner.java:364)
at org.testng.SuiteRunnerWorker.runSuite(SuiteRunnerWorker.java:52)
at org.testng.SuiteRunnerWorker.run(SuiteRunnerWorker.java:84)
at org.testng.TestNG.runSuitesSequentially(TestNG.java:1208)
at org.testng.TestNG.runSuitesLocally(TestNG.java:1137)
at org.testng.TestNG.runSuites(TestNG.java:1049)
at org.testng.TestNG.run(TestNG.java:1017)
at org.apache.maven.surefire.testng.TestNGExecutor.run(TestNGExecutor.java:281)
at org.apache.maven.surefire.testng.TestNGXmlTestSuite.execute(TestNGXmlTestSuite.java:75)
at org.apache.maven.surefire.testng.TestNGProvider.invoke(TestNGProvider.java:121)
at org.apache.maven.surefire.booter.ForkedBooter.invokeProviderInSameClassLoader(ForkedBooter.java:290)
at org.apache.maven.surefire.booter.ForkedBooter.runSuitesInProcess(ForkedBooter.java:242)
at org.apache.maven.surefire.booter.ForkedBooter.main(ForkedBooter.java:121)
]]>
            </full-stacktrace>
          </exception> <!-- java.lang.AssertionError -->
          <reporter-output>
          </reporter-output>
        </test-method> <!-- getsingleEmployee -->
        <test-method status="PASS" signature="beforeMethod()[pri:0, instance:com.dummy.milestone_1.TC_CRUD@4f7d0008]" name="beforeMethod" is-config="true" duration-ms="0" started-at="2020-07-07T09:52:57Z" finished-at="2020-07-07T09:52:57Z">
          <reporter-output>
            <line>
              <![CDATA[Proceed to API Authentication using basicAuth: ]]>
            </line>
          </reporter-output>
        </test-method> <!-- beforeMethod -->
        <test-method status="PASS" signature="beforeMethod()[pri:0, instance:com.dummy.milestone_1.TC_CRUD@4f7d0008]" name="beforeMethod" is-config="true" duration-ms="0" started-at="2020-07-07T09:53:00Z" finished-at="2020-07-07T09:53:00Z">
          <reporter-output>
            <line>
              <![CDATA[Proceed to API Authentication using basicAuth: ]]>
            </line>
          </reporter-output>
        </test-method> <!-- beforeMethod -->
        <test-method status="PASS" signature="addCreate(java.lang.String, java.lang.String, java.lang.String, java.lang.String)[pri:0, instance:com.dummy.milestone_1.TC_CRUD@4f7d0008]" name="addCreate" duration-ms="1519" started-at="2020-07-07T09:53:00Z" data-provider="Employee" finished-at="2020-07-07T09:53:01Z">
          <params>
            <param index="0">
              <value>
                <![CDATA[verify registration for a new user]]>
              </value>
            </param>
            <param index="1">
              <value>
                <![CDATA[madhan]]>
              </value>
            </param>
            <param index="2">
              <value>
                <![CDATA[5000]]>
              </value>
            </param>
            <param index="3">
              <value>
                <![CDATA[32]]>
              </value>
            </param>
          </params>
          <reporter-output>
          </reporter-output>
        </test-method> <!-- addCreate -->
        <test-method status="PASS" signature="beforeMethod()[pri:0, instance:com.dummy.milestone_1.TC_CRUD@4f7d0008]" name="beforeMethod" is-config="true" duration-ms="1" started-at="2020-07-07T09:53:01Z" finished-at="2020-07-07T09:53:01Z">
          <reporter-output>
            <line>
              <![CDATA[Proceed to API Authentication using basicAuth: ]]>
            </line>
          </reporter-output>
        </test-method> <!-- beforeMethod -->
        <test-method status="PASS" signature="addCreate(java.lang.String, java.lang.String, java.lang.String, java.lang.String)[pri:0, instance:com.dummy.milestone_1.TC_CRUD@4f7d0008]" name="addCreate" duration-ms="1126" started-at="2020-07-07T09:53:01Z" data-provider="Employee" finished-at="2020-07-07T09:53:03Z">
          <params>
            <param index="0">
              <value>
                <![CDATA[verify that null character are accepted in all fields]]>
              </value>
            </param>
            <param index="1">
              <value>
                <![CDATA[-]]>
              </value>
            </param>
            <param index="2">
              <value>
                <![CDATA[-]]>
              </value>
            </param>
            <param index="3">
              <value>
                <![CDATA[-]]>
              </value>
            </param>
          </params>
          <reporter-output>
          </reporter-output>
        </test-method> <!-- addCreate -->
        <test-method status="PASS" signature="addCreate(java.lang.String, java.lang.String, java.lang.String, java.lang.String)[pri:0, instance:com.dummy.milestone_1.TC_CRUD@4f7d0008]" name="addCreate" duration-ms="1262" started-at="2020-07-07T09:53:03Z" data-provider="Employee" finished-at="2020-07-07T09:53:04Z">
          <params>
            <param index="0">
              <value>
                <![CDATA[verify that special character are accepted in all fields]]>
              </value>
            </param>
            <param index="1">
              <value>
                <![CDATA[@#$]]>
              </value>
            </param>
            <param index="2">
              <value>
                <![CDATA[#@#500]]>
              </value>
            </param>
            <param index="3">
              <value>
                <![CDATA[@@@##*&^&^]]>
              </value>
            </param>
          </params>
          <reporter-output>
          </reporter-output>
        </test-method> <!-- addCreate -->
        <test-method status="PASS" signature="beforeMethod()[pri:0, instance:com.dummy.milestone_1.TC_CRUD@4f7d0008]" name="beforeMethod" is-config="true" duration-ms="0" started-at="2020-07-07T09:53:03Z" finished-at="2020-07-07T09:53:03Z">
          <reporter-output>
            <line>
              <![CDATA[Proceed to API Authentication using basicAuth: ]]>
            </line>
          </reporter-output>
        </test-method> <!-- beforeMethod -->
        <test-method status="PASS" signature="beforeMethod()[pri:0, instance:com.dummy.milestone_1.TC_CRUD@4f7d0008]" name="beforeMethod" is-config="true" duration-ms="0" started-at="2020-07-07T09:53:04Z" finished-at="2020-07-07T09:53:04Z">
          <reporter-output>
            <line>
              <![CDATA[Proceed to API Authentication using basicAuth: ]]>
            </line>
          </reporter-output>
        </test-method> <!-- beforeMethod -->
        <test-method status="PASS" signature="addCreate(java.lang.String, java.lang.String, java.lang.String, java.lang.String)[pri:0, instance:com.dummy.milestone_1.TC_CRUD@4f7d0008]" name="addCreate" duration-ms="1036" started-at="2020-07-07T09:53:04Z" data-provider="Employee" finished-at="2020-07-07T09:53:05Z">
          <params>
            <param index="0">
              <value>
                <![CDATA[Make the empty value of name]]>
              </value>
            </param>
            <param index="1">
              <value>
                <![CDATA[]]>
              </value>
            </param>
            <param index="2">
              <value>
                <![CDATA[6000]]>
              </value>
            </param>
            <param index="3">
              <value>
                <![CDATA[33]]>
              </value>
            </param>
          </params>
          <reporter-output>
          </reporter-output>
        </test-method> <!-- addCreate -->
        <test-method status="PASS" signature="beforeMethod()[pri:0, instance:com.dummy.milestone_1.TC_CRUD@4f7d0008]" name="beforeMethod" is-config="true" duration-ms="0" started-at="2020-07-07T09:53:05Z" finished-at="2020-07-07T09:53:05Z">
          <reporter-output>
            <line>
              <![CDATA[Proceed to API Authentication using basicAuth: ]]>
            </line>
          </reporter-output>
        </test-method> <!-- beforeMethod -->
        <test-method status="PASS" signature="addCreate(java.lang.String, java.lang.String, java.lang.String, java.lang.String)[pri:0, instance:com.dummy.milestone_1.TC_CRUD@4f7d0008]" name="addCreate" duration-ms="1004" started-at="2020-07-07T09:53:05Z" data-provider="Employee" finished-at="2020-07-07T09:53:06Z">
          <params>
            <param index="0">
              <value>
                <![CDATA[Make the empty value of salary]]>
              </value>
            </param>
            <param index="1">
              <value>
                <![CDATA[qatest]]>
              </value>
            </param>
            <param index="2">
              <value>
                <![CDATA[]]>
              </value>
            </param>
            <param index="3">
              <value>
                <![CDATA[34]]>
              </value>
            </param>
          </params>
          <reporter-output>
          </reporter-output>
        </test-method> <!-- addCreate -->
        <test-method status="PASS" signature="beforeMethod()[pri:0, instance:com.dummy.milestone_1.TC_CRUD@4f7d0008]" name="beforeMethod" is-config="true" duration-ms="0" started-at="2020-07-07T09:53:06Z" finished-at="2020-07-07T09:53:06Z">
          <reporter-output>
            <line>
              <![CDATA[Proceed to API Authentication using basicAuth: ]]>
            </line>
          </reporter-output>
        </test-method> <!-- beforeMethod -->
        <test-method status="PASS" signature="addCreate(java.lang.String, java.lang.String, java.lang.String, java.lang.String)[pri:0, instance:com.dummy.milestone_1.TC_CRUD@4f7d0008]" name="addCreate" duration-ms="962" started-at="2020-07-07T09:53:06Z" data-provider="Employee" finished-at="2020-07-07T09:53:07Z">
          <params>
            <param index="0">
              <value>
                <![CDATA[Make the empty value of age]]>
              </value>
            </param>
            <param index="1">
              <value>
                <![CDATA[qatest2020]]>
              </value>
            </param>
            <param index="2">
              <value>
                <![CDATA[3000]]>
              </value>
            </param>
            <param index="3">
              <value>
                <![CDATA[]]>
              </value>
            </param>
          </params>
          <reporter-output>
          </reporter-output>
        </test-method> <!-- addCreate -->
        <test-method status="PASS" signature="beforeMethod()[pri:0, instance:com.dummy.milestone_1.TC_CRUD@4f7d0008]" name="beforeMethod" is-config="true" duration-ms="1" started-at="2020-07-07T09:53:07Z" finished-at="2020-07-07T09:53:07Z">
          <reporter-output>
            <line>
              <![CDATA[Proceed to API Authentication using basicAuth: ]]>
            </line>
          </reporter-output>
        </test-method> <!-- beforeMethod -->
        <test-method status="FAIL" signature="updateEmployee()[pri:0, instance:com.dummy.milestone_1.TC_CRUD@4f7d0008]" name="updateEmployee" duration-ms="1029" started-at="2020-07-07T09:53:07Z" finished-at="2020-07-07T09:53:08Z">
          <exception class="java.lang.AssertionError">
            <message>
              <![CDATA[Not expected a null object expected object to not be null]]>
            </message>
            <full-stacktrace>
              <![CDATA[java.lang.AssertionError: Not expected a null object expected object to not be null
at org.testng.Assert.fail(Assert.java:96)
at org.testng.Assert.assertNotNull(Assert.java:686)
at com.dummy.milestone_1.TC_CRUD.updateEmployee(TC_CRUD.java:123)
at sun.reflect.NativeMethodAccessorImpl.invoke0(Native Method)
at sun.reflect.NativeMethodAccessorImpl.invoke(NativeMethodAccessorImpl.java:62)
at sun.reflect.DelegatingMethodAccessorImpl.invoke(DelegatingMethodAccessorImpl.java:43)
at java.lang.reflect.Method.invoke(Method.java:498)
at org.testng.internal.MethodInvocationHelper.invokeMethod(MethodInvocationHelper.java:124)
at org.testng.internal.Invoker.invokeMethod(Invoker.java:583)
at org.testng.internal.Invoker.invokeTestMethod(Invoker.java:719)
at org.testng.internal.Invoker.invokeTestMethods(Invoker.java:989)
at org.testng.internal.TestMethodWorker.invokeTestMethods(TestMethodWorker.java:125)
at org.testng.internal.TestMethodWorker.run(TestMethodWorker.java:109)
at org.testng.TestRunner.privateRun(TestRunner.java:648)
at org.testng.TestRunner.run(TestRunner.java:505)
at org.testng.SuiteRunner.runTest(SuiteRunner.java:455)
at org.testng.SuiteRunner.runSequentially(SuiteRunner.java:450)
at org.testng.SuiteRunner.privateRun(SuiteRunner.java:415)
at org.testng.SuiteRunner.run(SuiteRunner.java:364)
at org.testng.SuiteRunnerWorker.runSuite(SuiteRunnerWorker.java:52)
at org.testng.SuiteRunnerWorker.run(SuiteRunnerWorker.java:84)
at org.testng.TestNG.runSuitesSequentially(TestNG.java:1208)
at org.testng.TestNG.runSuitesLocally(TestNG.java:1137)
at org.testng.TestNG.runSuites(TestNG.java:1049)
at org.testng.TestNG.run(TestNG.java:1017)
at org.apache.maven.surefire.testng.TestNGExecutor.run(TestNGExecutor.java:281)
at org.apache.maven.surefire.testng.TestNGXmlTestSuite.execute(TestNGXmlTestSuite.java:75)
at org.apache.maven.surefire.testng.TestNGProvider.invoke(TestNGProvider.java:121)
at org.apache.maven.surefire.booter.ForkedBooter.invokeProviderInSameClassLoader(ForkedBooter.java:290)
at org.apache.maven.surefire.booter.ForkedBooter.runSuitesInProcess(ForkedBooter.java:242)
at org.apache.maven.surefire.booter.ForkedBooter.main(ForkedBooter.java:121)
]]>
            </full-stacktrace>
          </exception> <!-- java.lang.AssertionError -->
          <reporter-output>
          </reporter-output>
        </test-method> <!-- updateEmployee -->
        <test-method status="PASS" signature="beforeMethod()[pri:0, instance:com.dummy.milestone_1.TC_CRUD@4f7d0008]" name="beforeMethod" is-config="true" duration-ms="0" started-at="2020-07-07T09:53:08Z" finished-at="2020-07-07T09:53:08Z">
          <reporter-output>
            <line>
              <![CDATA[Proceed to API Authentication using basicAuth: ]]>
            </line>
          </reporter-output>
        </test-method> <!-- beforeMethod -->
        <test-method status="FAIL" signature="deleteEmployee()[pri:0, instance:com.dummy.milestone_1.TC_CRUD@4f7d0008]" name="deleteEmployee" duration-ms="913" started-at="2020-07-07T09:53:08Z" finished-at="2020-07-07T09:53:09Z">
          <exception class="java.lang.AssertionError">
            <message>
              <![CDATA[expected [success] but found [failed]]]>
            </message>
            <full-stacktrace>
              <![CDATA[java.lang.AssertionError: expected [success] but found [failed]
at org.testng.Assert.fail(Assert.java:96)
at org.testng.Assert.failNotEquals(Assert.java:776)
at org.testng.Assert.assertEqualsImpl(Assert.java:137)
at org.testng.Assert.assertEquals(Assert.java:118)
at org.testng.Assert.assertEquals(Assert.java:453)
at org.testng.Assert.assertEquals(Assert.java:463)
at com.dummy.milestone_1.TC_CRUD.deleteEmployee(TC_CRUD.java:140)
at sun.reflect.NativeMethodAccessorImpl.invoke0(Native Method)
at sun.reflect.NativeMethodAccessorImpl.invoke(NativeMethodAccessorImpl.java:62)
at sun.reflect.DelegatingMethodAccessorImpl.invoke(DelegatingMethodAccessorImpl.java:43)
at java.lang.reflect.Method.invoke(Method.java:498)
at org.testng.internal.MethodInvocationHelper.invokeMethod(MethodInvocationHelper.java:124)
at org.testng.internal.Invoker.invokeMethod(Invoker.java:583)
at org.testng.internal.Invoker.invokeTestMethod(Invoker.java:719)
at org.testng.internal.Invoker.invokeTestMethods(Invoker.java:989)
at org.testng.internal.TestMethodWorker.invokeTestMethods(TestMethodWorker.java:125)
at org.testng.internal.TestMethodWorker.run(TestMethodWorker.java:109)
at org.testng.TestRunner.privateRun(TestRunner.java:648)
at org.testng.TestRunner.run(TestRunner.java:505)
at org.testng.SuiteRunner.runTest(SuiteRunner.java:455)
at org.testng.SuiteRunner.runSequentially(SuiteRunner.java:450)
at org.testng.SuiteRunner.privateRun(SuiteRunner.java:415)
at org.testng.SuiteRunner.run(SuiteRunner.java:364)
at org.testng.SuiteRunnerWorker.runSuite(SuiteRunnerWorker.java:52)
at org.testng.SuiteRunnerWorker.run(SuiteRunnerWorker.java:84)
at org.testng.TestNG.runSuitesSequentially(TestNG.java:1208)
at org.testng.TestNG.runSuitesLocally(TestNG.java:1137)
at org.testng.TestNG.runSuites(TestNG.java:1049)
at org.testng.TestNG.run(TestNG.java:1017)
at org.apache.maven.surefire.testng.TestNGExecutor.run(TestNGExecutor.java:281)
at org.apache.maven.surefire.testng.TestNGXmlTestSuite.execute(TestNGXmlTestSuite.java:75)
at org.apache.maven.surefire.testng.TestNGProvider.invoke(TestNGProvider.java:121)
at org.apache.maven.surefire.booter.ForkedBooter.invokeProviderInSameClassLoader(ForkedBooter.java:290)
at org.apache.maven.surefire.booter.ForkedBooter.runSuitesInProcess(ForkedBooter.java:242)
at org.apache.maven.surefire.booter.ForkedBooter.main(ForkedBooter.java:121)
]]>
            </full-stacktrace>
          </exception> <!-- java.lang.AssertionError -->
          <reporter-output>
          </reporter-output>
        </test-method> <!-- deleteEmployee -->
        <test-method status="PASS" signature="tear()[pri:0, instance:com.dummy.milestone_1.TC_CRUD@4f7d0008]" name="tear" is-config="true" duration-ms="0" started-at="2020-07-07T09:53:09Z" finished-at="2020-07-07T09:53:09Z">
          <reporter-output>
          </reporter-output>
        </test-method> <!-- tear -->
      </class> <!-- com.dummy.milestone_1.TC_CRUD -->
    </test> <!-- Employee Management -->
  </suite> <!-- Employee Management -->
  <suite name="Test API (0)" duration-ms="781" started-at="2020-07-07T09:53:09Z" finished-at="2020-07-07T09:53:10Z">
    <groups>
    </groups>
    <test name="Open Report" duration-ms="781" started-at="2020-07-07T09:53:09Z" finished-at="2020-07-07T09:53:10Z">
      <class name="generic.utils.openReport">
        <test-method status="PASS" signature="report()[pri:0, instance:generic.utils.openReport@2f686d1f]" name="report" duration-ms="547" started-at="2020-07-07T09:53:09Z" finished-at="2020-07-07T09:53:10Z">
          <reporter-output>
          </reporter-output>
        </test-method> <!-- report -->
      </class> <!-- generic.utils.openReport -->
    </test> <!-- Open Report -->
  </suite> <!-- Test API (0) -->
  <suite name="Test API" duration-ms="139" started-at="2020-07-07T09:52:54Z" finished-at="2020-07-07T09:52:54Z">
    <groups>
    </groups>
    <test name="Extent Report" duration-ms="139" started-at="2020-07-07T09:52:54Z" finished-at="2020-07-07T09:52:54Z">
      <class name="generic.utils.ExtentReport">
        <test-method status="PASS" signature="deleteReport()[pri:0, instance:generic.utils.ExtentReport@523884b2]" name="deleteReport" is-config="true" duration-ms="16" started-at="2020-07-07T09:52:54Z" finished-at="2020-07-07T09:52:54Z">
          <reporter-output>
          </reporter-output>
        </test-method> <!-- deleteReport -->
      </class> <!-- generic.utils.ExtentReport -->
    </test> <!-- Extent Report -->
  </suite> <!-- Test API -->
</testng-results>
